Loading DLC 3.0.0rc9...
Creating (or updating) database ...
Nombre total de vidéo : 648
Nombre de video collecté : 151

Splitting video in one go ...

Compressing video ...


CRF : 23 | Video FPS : 30 | Video Duration : 546.00 sec
Clip duration : 12.5  |  Number of output clips : 44


# Clipping video from 0.00 - 12.5, clip N°0


# Clipping video from 12.50 - 25.0, clip N°1


# Clipping video from 25.00 - 37.5, clip N°2


# Clipping video from 37.50 - 50.0, clip N°3


# Clipping video from 50.00 - 62.5, clip N°4


# Clipping video from 62.50 - 75.0, clip N°5


# Clipping video from 75.00 - 87.5, clip N°6


# Clipping video from 87.50 - 100.0, clip N°7


# Clipping video from 100.00 - 112.5, clip N°8


# Clipping video from 112.50 - 125.0, clip N°9


# Clipping video from 125.00 - 137.5, clip N°10


# Clipping video from 137.50 - 150.0, clip N°11


# Clipping video from 150.00 - 162.5, clip N°12


# Clipping video from 162.50 - 175.0, clip N°13


# Clipping video from 175.00 - 187.5, clip N°14


# Clipping video from 187.50 - 200.0, clip N°15


# Clipping video from 200.00 - 212.5, clip N°16


# Clipping video from 212.50 - 225.0, clip N°17


# Clipping video from 225.00 - 237.5, clip N°18


# Clipping video from 237.50 - 250.0, clip N°19


# Clipping video from 250.00 - 262.5, clip N°20


# Clipping video from 262.50 - 275.0, clip N°21


# Clipping video from 275.00 - 287.5, clip N°22


# Clipping video from 287.50 - 300.0, clip N°23


# Clipping video from 300.00 - 312.5, clip N°24


# Clipping video from 312.50 - 325.0, clip N°25


# Clipping video from 325.00 - 337.5, clip N°26


# Clipping video from 337.50 - 350.0, clip N°27


# Clipping video from 350.00 - 362.5, clip N°28


# Clipping video from 362.50 - 375.0, clip N°29


# Clipping video from 375.00 - 387.5, clip N°30


# Clipping video from 387.50 - 400.0, clip N°31


# Clipping video from 400.00 - 412.5, clip N°32


# Clipping video from 412.50 - 425.0, clip N°33


# Clipping video from 425.00 - 437.5, clip N°34


# Clipping video from 437.50 - 450.0, clip N°35


# Clipping video from 450.00 - 462.5, clip N°36


# Clipping video from 462.50 - 475.0, clip N°37


# Clipping video from 475.00 - 487.5, clip N°38


# Clipping video from 487.50 - 500.0, clip N°39


# Clipping video from 500.00 - 512.5, clip N°40


# Clipping video from 512.50 - 525.0, clip N°41


# Clipping video from 525.00 - 537.5, clip N°42


# Clipping video from 537.50 - 550.0, clip N°43


Splitting video in one go ...

Compressing video ...


CRF : 23 | Video FPS : 30 | Video Duration : 546.00 sec
Clip duration : 12.5  |  Number of output clips : 44


# Clipping video from 0.00 - 12.5, clip N°0


# Clipping video from 12.50 - 25.0, clip N°1


# Clipping video from 25.00 - 37.5, clip N°2


# Clipping video from 37.50 - 50.0, clip N°3


# Clipping video from 50.00 - 62.5, clip N°4


# Clipping video from 62.50 - 75.0, clip N°5


# Clipping video from 75.00 - 87.5, clip N°6


# Clipping video from 87.50 - 100.0, clip N°7


# Clipping video from 100.00 - 112.5, clip N°8


# Clipping video from 112.50 - 125.0, clip N°9


# Clipping video from 125.00 - 137.5, clip N°10


# Clipping video from 137.50 - 150.0, clip N°11


# Clipping video from 150.00 - 162.5, clip N°12


# Clipping video from 162.50 - 175.0, clip N°13


# Clipping video from 175.00 - 187.5, clip N°14


# Clipping video from 187.50 - 200.0, clip N°15


# Clipping video from 200.00 - 212.5, clip N°16


# Clipping video from 212.50 - 225.0, clip N°17


# Clipping video from 225.00 - 237.5, clip N°18


# Clipping video from 237.50 - 250.0, clip N°19


# Clipping video from 250.00 - 262.5, clip N°20


# Clipping video from 262.50 - 275.0, clip N°21


# Clipping video from 275.00 - 287.5, clip N°22


# Clipping video from 287.50 - 300.0, clip N°23


# Clipping video from 300.00 - 312.5, clip N°24


# Clipping video from 312.50 - 325.0, clip N°25


# Clipping video from 325.00 - 337.5, clip N°26


# Clipping video from 337.50 - 350.0, clip N°27


# Clipping video from 350.00 - 362.5, clip N°28


# Clipping video from 362.50 - 375.0, clip N°29


# Clipping video from 375.00 - 387.5, clip N°30


# Clipping video from 387.50 - 400.0, clip N°31


# Clipping video from 400.00 - 412.5, clip N°32


# Clipping video from 412.50 - 425.0, clip N°33


# Clipping video from 425.00 - 437.5, clip N°34


# Clipping video from 437.50 - 450.0, clip N°35


# Clipping video from 450.00 - 462.5, clip N°36


# Clipping video from 462.50 - 475.0, clip N°37


# Clipping video from 475.00 - 487.5, clip N°38


# Clipping video from 487.50 - 500.0, clip N°39


# Clipping video from 500.00 - 512.5, clip N°40


# Clipping video from 512.50 - 525.0, clip N°41


# Clipping video from 525.00 - 537.5, clip N°42


# Clipping video from 537.50 - 550.0, clip N°43


Splitting video in one go ...

Compressing video ...


CRF : 23 | Video FPS : 30 | Video Duration : 546.00 sec
Clip duration : 12.5  |  Number of output clips : 44


# Clipping video from 0.00 - 12.5, clip N°0


# Clipping video from 12.50 - 25.0, clip N°1


# Clipping video from 25.00 - 37.5, clip N°2


# Clipping video from 37.50 - 50.0, clip N°3


# Clipping video from 50.00 - 62.5, clip N°4


# Clipping video from 62.50 - 75.0, clip N°5


# Clipping video from 75.00 - 87.5, clip N°6


# Clipping video from 87.50 - 100.0, clip N°7


# Clipping video from 100.00 - 112.5, clip N°8


# Clipping video from 112.50 - 125.0, clip N°9


# Clipping video from 125.00 - 137.5, clip N°10


# Clipping video from 137.50 - 150.0, clip N°11


# Clipping video from 150.00 - 162.5, clip N°12


# Clipping video from 162.50 - 175.0, clip N°13


# Clipping video from 175.00 - 187.5, clip N°14


# Clipping video from 187.50 - 200.0, clip N°15


# Clipping video from 200.00 - 212.5, clip N°16


# Clipping video from 212.50 - 225.0, clip N°17


# Clipping video from 225.00 - 237.5, clip N°18


# Clipping video from 237.50 - 250.0, clip N°19


# Clipping video from 250.00 - 262.5, clip N°20


# Clipping video from 262.50 - 275.0, clip N°21


# Clipping video from 275.00 - 287.5, clip N°22


# Clipping video from 287.50 - 300.0, clip N°23


# Clipping video from 300.00 - 312.5, clip N°24


# Clipping video from 312.50 - 325.0, clip N°25


# Clipping video from 325.00 - 337.5, clip N°26


# Clipping video from 337.50 - 350.0, clip N°27


# Clipping video from 350.00 - 362.5, clip N°28


# Clipping video from 362.50 - 375.0, clip N°29


# Clipping video from 375.00 - 387.5, clip N°30


# Clipping video from 387.50 - 400.0, clip N°31


# Clipping video from 400.00 - 412.5, clip N°32


# Clipping video from 412.50 - 425.0, clip N°33


# Clipping video from 425.00 - 437.5, clip N°34


# Clipping video from 437.50 - 450.0, clip N°35


# Clipping video from 450.00 - 462.5, clip N°36


# Clipping video from 462.50 - 475.0, clip N°37


# Clipping video from 475.00 - 487.5, clip N°38


# Clipping video from 487.50 - 500.0, clip N°39


# Clipping video from 500.00 - 512.5, clip N°40


# Clipping video from 512.50 - 525.0, clip N°41


# Clipping video from 525.00 - 537.5, clip N°42


# Clipping video from 537.50 - 550.0, clip N°43


Splitting video in one go ...

Compressing video ...


CRF : 23 | Video FPS : 30 | Video Duration : 546.00 sec
Clip duration : 12.5  |  Number of output clips : 44


# Clipping video from 0.00 - 12.5, clip N°0


# Clipping video from 12.50 - 25.0, clip N°1


# Clipping video from 25.00 - 37.5, clip N°2


# Clipping video from 37.50 - 50.0, clip N°3


# Clipping video from 50.00 - 62.5, clip N°4


# Clipping video from 62.50 - 75.0, clip N°5


# Clipping video from 75.00 - 87.5, clip N°6


# Clipping video from 87.50 - 100.0, clip N°7


# Clipping video from 100.00 - 112.5, clip N°8


# Clipping video from 112.50 - 125.0, clip N°9


# Clipping video from 125.00 - 137.5, clip N°10


# Clipping video from 137.50 - 150.0, clip N°11


# Clipping video from 150.00 - 162.5, clip N°12


# Clipping video from 162.50 - 175.0, clip N°13


# Clipping video from 175.00 - 187.5, clip N°14


# Clipping video from 187.50 - 200.0, clip N°15


# Clipping video from 200.00 - 212.5, clip N°16


# Clipping video from 212.50 - 225.0, clip N°17


# Clipping video from 225.00 - 237.5, clip N°18


# Clipping video from 237.50 - 250.0, clip N°19


# Clipping video from 250.00 - 262.5, clip N°20


# Clipping video from 262.50 - 275.0, clip N°21


# Clipping video from 275.00 - 287.5, clip N°22


# Clipping video from 287.50 - 300.0, clip N°23


# Clipping video from 300.00 - 312.5, clip N°24


# Clipping video from 312.50 - 325.0, clip N°25


# Clipping video from 325.00 - 337.5, clip N°26


# Clipping video from 337.50 - 350.0, clip N°27


# Clipping video from 350.00 - 362.5, clip N°28


# Clipping video from 362.50 - 375.0, clip N°29


# Clipping video from 375.00 - 387.5, clip N°30


# Clipping video from 387.50 - 400.0, clip N°31


# Clipping video from 400.00 - 412.5, clip N°32


# Clipping video from 412.50 - 425.0, clip N°33


# Clipping video from 425.00 - 437.5, clip N°34


# Clipping video from 437.50 - 450.0, clip N°35


# Clipping video from 450.00 - 462.5, clip N°36


# Clipping video from 462.50 - 475.0, clip N°37


# Clipping video from 475.00 - 487.5, clip N°38


# Clipping video from 487.50 - 500.0, clip N°39


# Clipping video from 500.00 - 512.5, clip N°40


# Clipping video from 512.50 - 525.0, clip N°41


# Clipping video from 525.00 - 537.5, clip N°42


# Clipping video from 537.50 - 550.0, clip N°43


Splitting video in one go ...

Compressing video ...

